[1/12] cl /c /Zc:__cplusplus /Zp8 /GR /W3 /EHs /nologo /MD /D_CRT_SECURE_NO_DEPRECATE /D_SCL_SECURE_NO_DEPRECATE /D_SECURE_SCL=0   /DMATLAB_MEX_FILE  /DMATLAB_MEX_FILE /O2 /Oy- /DNDEBUG /fp:strict /utf-8 /I "." /I "D:\cluster_neuronspikes\run on HPC" /I ".\interface" /I "D:\MATLABR2024b\extern\include" /I "." -DMODEL=find_number_of_true_positives_given_a_time_delta_hpc_mex -DMW_NEEDS_VERSION_H /wd4251  interface\_coder_find_number_of_true_positives_given_a_time_delta_hpc_info.cpp /Fobuild\win64\_coder_find_number_of_true_positives_given_a_time_delta_hpc_info.obj
FAILED: build/win64/_coder_find_number_of_true_positives_given_a_time_delta_hpc_info.obj 
cl /c /Zc:__cplusplus /Zp8 /GR /W3 /EHs /nologo /MD /D_CRT_SECURE_NO_DEPRECATE /D_SCL_SECURE_NO_DEPRECATE /D_SECURE_SCL=0   /DMATLAB_MEX_FILE  /DMATLAB_MEX_FILE /O2 /Oy- /DNDEBUG /fp:strict /utf-8 /I "." /I "D:\cluster_neuronspikes\run on HPC" /I ".\interface" /I "D:\MATLABR2024b\extern\include" /I "." -DMODEL=find_number_of_true_positives_given_a_time_delta_hpc_mex -DMW_NEEDS_VERSION_H /wd4251  interface\_coder_find_number_of_true_positives_given_a_time_delta_hpc_info.cpp /Fobuild\win64\_coder_find_number_of_true_positives_given_a_time_delta_hpc_info.obj
_coder_find_number_of_true_positives_given_a_time_delta_hpc_info.cpp
C:\Program Files (x86)\Windows Kits\10\\include\10.0.22621.0\ucrt\corecrt.h(10): fatal error C1083: Cannot open include file: 'vcruntime.h': No such file or directory
[2/12] cl /c /Zc:__cplusplus /Zp8 /GR /W3 /EHs /nologo /MD /D_CRT_SECURE_NO_DEPRECATE /D_SCL_SECURE_NO_DEPRECATE /D_SECURE_SCL=0   /DMATLAB_MEX_FILE  /DMATLAB_MEX_FILE /O2 /Oy- /DNDEBUG /fp:strict /utf-8 /I "." /I "D:\cluster_neuronspikes\run on HPC" /I ".\interface" /I "D:\MATLABR2024b\extern\include" /I "." -DMODEL=find_number_of_true_positives_given_a_time_delta_hpc_mex -DMW_NEEDS_VERSION_H /wd4251  find_number_of_true_positives_given_a_time_delta_hpc_terminate.cpp /Fobuild\win64\find_number_of_true_positives_given_a_time_delta_hpc_terminate.obj
FAILED: build/win64/find_number_of_true_positives_given_a_time_delta_hpc_terminate.obj 
cl /c /Zc:__cplusplus /Zp8 /GR /W3 /EHs /nologo /MD /D_CRT_SECURE_NO_DEPRECATE /D_SCL_SECURE_NO_DEPRECATE /D_SECURE_SCL=0   /DMATLAB_MEX_FILE  /DMATLAB_MEX_FILE /O2 /Oy- /DNDEBUG /fp:strict /utf-8 /I "." /I "D:\cluster_neuronspikes\run on HPC" /I ".\interface" /I "D:\MATLABR2024b\extern\include" /I "." -DMODEL=find_number_of_true_positives_given_a_time_delta_hpc_mex -DMW_NEEDS_VERSION_H /wd4251  find_number_of_true_positives_given_a_time_delta_hpc_terminate.cpp /Fobuild\win64\find_number_of_true_positives_given_a_time_delta_hpc_terminate.obj
find_number_of_true_positives_given_a_time_delta_hpc_terminate.cpp
D:\MATLABR2024b\extern\include\tmwtypes.h(32): fatal error C1083: Cannot open include file: 'limits.h': No such file or directory
[3/12] cl /c /Zc:__cplusplus /Zp8 /GR /W3 /EHs /nologo /MD /D_CRT_SECURE_NO_DEPRECATE /D_SCL_SECURE_NO_DEPRECATE /D_SECURE_SCL=0   /DMATLAB_MEX_FILE  /DMATLAB_MEX_FILE /O2 /Oy- /DNDEBUG /fp:strict /utf-8 /I "." /I "D:\cluster_neuronspikes\run on HPC" /I ".\interface" /I "D:\MATLABR2024b\extern\include" /I "." -DMODEL=find_number_of_true_positives_given_a_time_delta_hpc_mex -DMW_NEEDS_VERSION_H /wd4251  interface\_coder_find_number_of_true_positives_given_a_time_delta_hpc_api.cpp /Fobuild\win64\_coder_find_number_of_true_positives_given_a_time_delta_hpc_api.obj
FAILED: build/win64/_coder_find_number_of_true_positives_given_a_time_delta_hpc_api.obj 
cl /c /Zc:__cplusplus /Zp8 /GR /W3 /EHs /nologo /MD /D_CRT_SECURE_NO_DEPRECATE /D_SCL_SECURE_NO_DEPRECATE /D_SECURE_SCL=0   /DMATLAB_MEX_FILE  /DMATLAB_MEX_FILE /O2 /Oy- /DNDEBUG /fp:strict /utf-8 /I "." /I "D:\cluster_neuronspikes\run on HPC" /I ".\interface" /I "D:\MATLABR2024b\extern\include" /I "." -DMODEL=find_number_of_true_positives_given_a_time_delta_hpc_mex -DMW_NEEDS_VERSION_H /wd4251  interface\_coder_find_number_of_true_positives_given_a_time_delta_hpc_api.cpp /Fobuild\win64\_coder_find_number_of_true_positives_given_a_time_delta_hpc_api.obj
_coder_find_number_of_true_positives_given_a_time_delta_hpc_api.cpp
D:\MATLABR2024b\extern\include\tmwtypes.h(32): fatal error C1083: Cannot open include file: 'limits.h': No such file or directory
[4/12] cl /c /Zc:__cplusplus /Zp8 /GR /W3 /EHs /nologo /MD /D_CRT_SECURE_NO_DEPRECATE /D_SCL_SECURE_NO_DEPRECATE /D_SECURE_SCL=0   /DMATLAB_MEX_FILE  /DMATLAB_MEX_FILE /O2 /Oy- /DNDEBUG /fp:strict /utf-8 /I "." /I "D:\cluster_neuronspikes\run on HPC" /I ".\interface" /I "D:\MATLABR2024b\extern\include" /I "." -DMODEL=find_number_of_true_positives_given_a_time_delta_hpc_mex -DMW_NEEDS_VERSION_H /wd4251  rt_nonfinite.cpp /Fobuild\win64\rt_nonfinite.obj
FAILED: build/win64/rt_nonfinite.obj 
cl /c /Zc:__cplusplus /Zp8 /GR /W3 /EHs /nologo /MD /D_CRT_SECURE_NO_DEPRECATE /D_SCL_SECURE_NO_DEPRECATE /D_SECURE_SCL=0   /DMATLAB_MEX_FILE  /DMATLAB_MEX_FILE /O2 /Oy- /DNDEBUG /fp:strict /utf-8 /I "." /I "D:\cluster_neuronspikes\run on HPC" /I ".\interface" /I "D:\MATLABR2024b\extern\include" /I "." -DMODEL=find_number_of_true_positives_given_a_time_delta_hpc_mex -DMW_NEEDS_VERSION_H /wd4251  rt_nonfinite.cpp /Fobuild\win64\rt_nonfinite.obj
rt_nonfinite.cpp
D:\MATLABR2024b\extern\include\tmwtypes.h(32): fatal error C1083: Cannot open include file: 'limits.h': No such file or directory
[5/12] cl /c /Zc:__cplusplus /Zp8 /GR /W3 /EHs /nologo /MD /D_CRT_SECURE_NO_DEPRECATE /D_SCL_SECURE_NO_DEPRECATE /D_SECURE_SCL=0   /DMATLAB_MEX_FILE  /DMATLAB_MEX_FILE /O2 /Oy- /DNDEBUG /fp:strict /utf-8 /I "." /I "D:\cluster_neuronspikes\run on HPC" /I ".\interface" /I "D:\MATLABR2024b\extern\include" /I "." -DMODEL=find_number_of_true_positives_given_a_time_delta_hpc_mex -DMW_NEEDS_VERSION_H /wd4251  find_number_of_true_positives_given_a_time_delta_hpc_initialize.cpp /Fobuild\win64\find_number_of_true_positives_given_a_time_delta_hpc_initialize.obj
FAILED: build/win64/find_number_of_true_positives_given_a_time_delta_hpc_initialize.obj 
cl /c /Zc:__cplusplus /Zp8 /GR /W3 /EHs /nologo /MD /D_CRT_SECURE_NO_DEPRECATE /D_SCL_SECURE_NO_DEPRECATE /D_SECURE_SCL=0   /DMATLAB_MEX_FILE  /DMATLAB_MEX_FILE /O2 /Oy- /DNDEBUG /fp:strict /utf-8 /I "." /I "D:\cluster_neuronspikes\run on HPC" /I ".\interface" /I "D:\MATLABR2024b\extern\include" /I "." -DMODEL=find_number_of_true_positives_given_a_time_delta_hpc_mex -DMW_NEEDS_VERSION_H /wd4251  find_number_of_true_positives_given_a_time_delta_hpc_initialize.cpp /Fobuild\win64\find_number_of_true_positives_given_a_time_delta_hpc_initialize.obj
find_number_of_true_positives_given_a_time_delta_hpc_initialize.cpp
D:\MATLABR2024b\extern\include\tmwtypes.h(32): fatal error C1083: Cannot open include file: 'limits.h': No such file or directory
[6/12] cl /c /Zc:__cplusplus /Zp8 /GR /W3 /EHs /nologo /MD /D_CRT_SECURE_NO_DEPRECATE /D_SCL_SECURE_NO_DEPRECATE /D_SECURE_SCL=0   /DMATLAB_MEX_FILE  /DMATLAB_MEX_FILE /O2 /Oy- /DNDEBUG /fp:strict /utf-8 /I "." /I "D:\cluster_neuronspikes\run on HPC" /I ".\interface" /I "D:\MATLABR2024b\extern\include" /I "." -DMODEL=find_number_of_true_positives_given_a_time_delta_hpc_mex -DMW_NEEDS_VERSION_H /wd4251  find_number_of_true_positives_given_a_time_delta_hpc_emxutil.cpp /Fobuild\win64\find_number_of_true_positives_given_a_time_delta_hpc_emxutil.obj
FAILED: build/win64/find_number_of_true_positives_given_a_time_delta_hpc_emxutil.obj 
cl /c /Zc:__cplusplus /Zp8 /GR /W3 /EHs /nologo /MD /D_CRT_SECURE_NO_DEPRECATE /D_SCL_SECURE_NO_DEPRECATE /D_SECURE_SCL=0   /DMATLAB_MEX_FILE  /DMATLAB_MEX_FILE /O2 /Oy- /DNDEBUG /fp:strict /utf-8 /I "." /I "D:\cluster_neuronspikes\run on HPC" /I ".\interface" /I "D:\MATLABR2024b\extern\include" /I "." -DMODEL=find_number_of_true_positives_given_a_time_delta_hpc_mex -DMW_NEEDS_VERSION_H /wd4251  find_number_of_true_positives_given_a_time_delta_hpc_emxutil.cpp /Fobuild\win64\find_number_of_true_positives_given_a_time_delta_hpc_emxutil.obj
find_number_of_true_positives_given_a_time_delta_hpc_emxutil.cpp
D:\MATLABR2024b\extern\include\tmwtypes.h(32): fatal error C1083: Cannot open include file: 'limits.h': No such file or directory
[7/12] cl /c /Zc:__cplusplus /Zp8 /GR /W3 /EHs /nologo /MD /D_CRT_SECURE_NO_DEPRECATE /D_SCL_SECURE_NO_DEPRECATE /D_SECURE_SCL=0   /DMATLAB_MEX_FILE  /DMATLAB_MEX_FILE /O2 /Oy- /DNDEBUG /fp:strict /utf-8 /I "." /I "D:\cluster_neuronspikes\run on HPC" /I ".\interface" /I "D:\MATLABR2024b\extern\include" /I "." -DMODEL=find_number_of_true_positives_given_a_time_delta_hpc_mex -DMW_NEEDS_VERSION_H /wd4251  find_number_of_true_positives_given_a_time_delta_hpc.cpp /Fobuild\win64\find_number_of_true_positives_given_a_time_delta_hpc.obj
FAILED: build/win64/find_number_of_true_positives_given_a_time_delta_hpc.obj 
cl /c /Zc:__cplusplus /Zp8 /GR /W3 /EHs /nologo /MD /D_CRT_SECURE_NO_DEPRECATE /D_SCL_SECURE_NO_DEPRECATE /D_SECURE_SCL=0   /DMATLAB_MEX_FILE  /DMATLAB_MEX_FILE /O2 /Oy- /DNDEBUG /fp:strict /utf-8 /I "." /I "D:\cluster_neuronspikes\run on HPC" /I ".\interface" /I "D:\MATLABR2024b\extern\include" /I "." -DMODEL=find_number_of_true_positives_given_a_time_delta_hpc_mex -DMW_NEEDS_VERSION_H /wd4251  find_number_of_true_positives_given_a_time_delta_hpc.cpp /Fobuild\win64\find_number_of_true_positives_given_a_time_delta_hpc.obj
find_number_of_true_positives_given_a_time_delta_hpc.cpp
D:\MATLABR2024b\extern\include\tmwtypes.h(32): fatal error C1083: Cannot open include file: 'limits.h': No such file or directory
[8/12] cl /c /Zc:__cplusplus /Zp8 /GR /W3 /EHs /nologo /MD /D_CRT_SECURE_NO_DEPRECATE /D_SCL_SECURE_NO_DEPRECATE /D_SECURE_SCL=0   /DMATLAB_MEX_FILE  /DMATLAB_MEX_FILE /O2 /Oy- /DNDEBUG /fp:strict /utf-8 /I "." /I "D:\cluster_neuronspikes\run on HPC" /I ".\interface" /I "D:\MATLABR2024b\extern\include" /I "." -DMODEL=find_number_of_true_positives_given_a_time_delta_hpc_mex -DMW_NEEDS_VERSION_H /wd4251  eml_int_forloop_overflow_check.cpp /Fobuild\win64\eml_int_forloop_overflow_check.obj
FAILED: build/win64/eml_int_forloop_overflow_check.obj 
cl /c /Zc:__cplusplus /Zp8 /GR /W3 /EHs /nologo /MD /D_CRT_SECURE_NO_DEPRECATE /D_SCL_SECURE_NO_DEPRECATE /D_SECURE_SCL=0   /DMATLAB_MEX_FILE  /DMATLAB_MEX_FILE /O2 /Oy- /DNDEBUG /fp:strict /utf-8 /I "." /I "D:\cluster_neuronspikes\run on HPC" /I ".\interface" /I "D:\MATLABR2024b\extern\include" /I "." -DMODEL=find_number_of_true_positives_given_a_time_delta_hpc_mex -DMW_NEEDS_VERSION_H /wd4251  eml_int_forloop_overflow_check.cpp /Fobuild\win64\eml_int_forloop_overflow_check.obj
eml_int_forloop_overflow_check.cpp
D:\MATLABR2024b\extern\include\tmwtypes.h(32): fatal error C1083: Cannot open include file: 'limits.h': No such file or directory
[9/12] cl /c /Zc:__cplusplus /Zp8 /GR /W3 /EHs /nologo /MD /D_CRT_SECURE_NO_DEPRECATE /D_SCL_SECURE_NO_DEPRECATE /D_SECURE_SCL=0   /DMATLAB_MEX_FILE  /DMATLAB_MEX_FILE /O2 /Oy- /DNDEBUG /fp:strict /utf-8 /I "." /I "D:\cluster_neuronspikes\run on HPC" /I ".\interface" /I "D:\MATLABR2024b\extern\include" /I "." -DMODEL=find_number_of_true_positives_given_a_time_delta_hpc_mex -DMW_NEEDS_VERSION_H /wd4251  find_number_of_true_positives_given_a_time_delta_hpc_data.cpp /Fobuild\win64\find_number_of_true_positives_given_a_time_delta_hpc_data.obj
FAILED: build/win64/find_number_of_true_positives_given_a_time_delta_hpc_data.obj 
cl /c /Zc:__cplusplus /Zp8 /GR /W3 /EHs /nologo /MD /D_CRT_SECURE_NO_DEPRECATE /D_SCL_SECURE_NO_DEPRECATE /D_SECURE_SCL=0   /DMATLAB_MEX_FILE  /DMATLAB_MEX_FILE /O2 /Oy- /DNDEBUG /fp:strict /utf-8 /I "." /I "D:\cluster_neuronspikes\run on HPC" /I ".\interface" /I "D:\MATLABR2024b\extern\include" /I "." -DMODEL=find_number_of_true_positives_given_a_time_delta_hpc_mex -DMW_NEEDS_VERSION_H /wd4251  find_number_of_true_positives_given_a_time_delta_hpc_data.cpp /Fobuild\win64\find_number_of_true_positives_given_a_time_delta_hpc_data.obj
find_number_of_true_positives_given_a_time_delta_hpc_data.cpp
D:\MATLABR2024b\extern\include\tmwtypes.h(32): fatal error C1083: Cannot open include file: 'limits.h': No such file or directory
[10/12] cl /c /Zc:__cplusplus /Zp8 /GR /W3 /EHs /nologo /MD /D_CRT_SECURE_NO_DEPRECATE /D_SCL_SECURE_NO_DEPRECATE /D_SECURE_SCL=0   /DMATLAB_MEX_FILE  /DMATLAB_MEX_FILE /O2 /Oy- /DNDEBUG /fp:strict /utf-8 /I "." /I "D:\cluster_neuronspikes\run on HPC" /I ".\interface" /I "D:\MATLABR2024b\extern\include" /I "." -DMODEL=find_number_of_true_positives_given_a_time_delta_hpc_mex -DMW_NEEDS_VERSION_H /wd4251  interface\_coder_find_number_of_true_positives_given_a_time_delta_hpc_mex.cpp /Fobuild\win64\_coder_find_number_of_true_positives_given_a_time_delta_hpc_mex.obj
FAILED: build/win64/_coder_find_number_of_true_positives_given_a_time_delta_hpc_mex.obj 
cl /c /Zc:__cplusplus /Zp8 /GR /W3 /EHs /nologo /MD /D_CRT_SECURE_NO_DEPRECATE /D_SCL_SECURE_NO_DEPRECATE /D_SECURE_SCL=0   /DMATLAB_MEX_FILE  /DMATLAB_MEX_FILE /O2 /Oy- /DNDEBUG /fp:strict /utf-8 /I "." /I "D:\cluster_neuronspikes\run on HPC" /I ".\interface" /I "D:\MATLABR2024b\extern\include" /I "." -DMODEL=find_number_of_true_positives_given_a_time_delta_hpc_mex -DMW_NEEDS_VERSION_H /wd4251  interface\_coder_find_number_of_true_positives_given_a_time_delta_hpc_mex.cpp /Fobuild\win64\_coder_find_number_of_true_positives_given_a_time_delta_hpc_mex.obj
_coder_find_number_of_true_positives_given_a_time_delta_hpc_mex.cpp
D:\MATLABR2024b\extern\include\tmwtypes.h(32): fatal error C1083: Cannot open include file: 'limits.h': No such file or directory
ninja: build stopped: subcommand failed.
