[1/12] cl /c /Zc:__cplusplus /Zp8 /GR /W3 /EHs /nologo /MD /D_CRT_SECURE_NO_DEPRECATE /D_SCL_SECURE_NO_DEPRECATE /D_SECURE_SCL=0   /DMATLAB_MEX_FILE  /DMATLAB_MEX_FILE /O2 /Oy- /DNDEBUG /fp:strict /utf-8 /I "." /I "D:\cluster_neuronspikes\run_on_hpc" /I ".\interface" /I "D:\MATLABR2024b\extern\include" /I "." -DMODEL=get_tp_count_given_a_tdelta_hpc_mex   get_tp_count_given_a_tdelta_hpc.c /Fobuild\win64\get_tp_count_given_a_tdelta_hpc.obj
FAILED: build/win64/get_tp_count_given_a_tdelta_hpc.obj 
cl /c /Zc:__cplusplus /Zp8 /GR /W3 /EHs /nologo /MD /D_CRT_SECURE_NO_DEPRECATE /D_SCL_SECURE_NO_DEPRECATE /D_SECURE_SCL=0   /DMATLAB_MEX_FILE  /DMATLAB_MEX_FILE /O2 /Oy- /DNDEBUG /fp:strict /utf-8 /I "." /I "D:\cluster_neuronspikes\run_on_hpc" /I ".\interface" /I "D:\MATLABR2024b\extern\include" /I "." -DMODEL=get_tp_count_given_a_tdelta_hpc_mex   get_tp_count_given_a_tdelta_hpc.c /Fobuild\win64\get_tp_count_given_a_tdelta_hpc.obj
get_tp_count_given_a_tdelta_hpc.c
D:\MATLABR2024b\extern\include\tmwtypes.h(32): fatal error C1083: Cannot open include file: 'limits.h': No such file or directory
[2/12] cl /c /Zc:__cplusplus /Zp8 /GR /W3 /EHs /nologo /MD /D_CRT_SECURE_NO_DEPRECATE /D_SCL_SECURE_NO_DEPRECATE /D_SECURE_SCL=0   /DMATLAB_MEX_FILE  /DMATLAB_MEX_FILE /O2 /Oy- /DNDEBUG /fp:strict /utf-8 /I "." /I "D:\cluster_neuronspikes\run_on_hpc" /I ".\interface" /I "D:\MATLABR2024b\extern\include" /I "." -DMODEL=get_tp_count_given_a_tdelta_hpc_mex   get_tp_count_given_a_tdelta_hpc_terminate.c /Fobuild\win64\get_tp_count_given_a_tdelta_hpc_terminate.obj
FAILED: build/win64/get_tp_count_given_a_tdelta_hpc_terminate.obj 
cl /c /Zc:__cplusplus /Zp8 /GR /W3 /EHs /nologo /MD /D_CRT_SECURE_NO_DEPRECATE /D_SCL_SECURE_NO_DEPRECATE /D_SECURE_SCL=0   /DMATLAB_MEX_FILE  /DMATLAB_MEX_FILE /O2 /Oy- /DNDEBUG /fp:strict /utf-8 /I "." /I "D:\cluster_neuronspikes\run_on_hpc" /I ".\interface" /I "D:\MATLABR2024b\extern\include" /I "." -DMODEL=get_tp_count_given_a_tdelta_hpc_mex   get_tp_count_given_a_tdelta_hpc_terminate.c /Fobuild\win64\get_tp_count_given_a_tdelta_hpc_terminate.obj
get_tp_count_given_a_tdelta_hpc_terminate.c
D:\MATLABR2024b\extern\include\tmwtypes.h(32): fatal error C1083: Cannot open include file: 'limits.h': No such file or directory
[3/12] cl /c /Zc:__cplusplus /Zp8 /GR /W3 /EHs /nologo /MD /D_CRT_SECURE_NO_DEPRECATE /D_SCL_SECURE_NO_DEPRECATE /D_SECURE_SCL=0   /DMATLAB_MEX_FILE  /DMATLAB_MEX_FILE /O2 /Oy- /DNDEBUG /fp:strict /utf-8 /I "." /I "D:\cluster_neuronspikes\run_on_hpc" /I ".\interface" /I "D:\MATLABR2024b\extern\include" /I "." -DMODEL=get_tp_count_given_a_tdelta_hpc_mex   rt_nonfinite.c /Fobuild\win64\rt_nonfinite.obj
FAILED: build/win64/rt_nonfinite.obj 
cl /c /Zc:__cplusplus /Zp8 /GR /W3 /EHs /nologo /MD /D_CRT_SECURE_NO_DEPRECATE /D_SCL_SECURE_NO_DEPRECATE /D_SECURE_SCL=0   /DMATLAB_MEX_FILE  /DMATLAB_MEX_FILE /O2 /Oy- /DNDEBUG /fp:strict /utf-8 /I "." /I "D:\cluster_neuronspikes\run_on_hpc" /I ".\interface" /I "D:\MATLABR2024b\extern\include" /I "." -DMODEL=get_tp_count_given_a_tdelta_hpc_mex   rt_nonfinite.c /Fobuild\win64\rt_nonfinite.obj
rt_nonfinite.c
D:\MATLABR2024b\extern\include\tmwtypes.h(32): fatal error C1083: Cannot open include file: 'limits.h': No such file or directory
[4/12] cl /c /Zc:__cplusplus /Zp8 /GR /W3 /EHs /nologo /MD /D_CRT_SECURE_NO_DEPRECATE /D_SCL_SECURE_NO_DEPRECATE /D_SECURE_SCL=0   /DMATLAB_MEX_FILE  /DMATLAB_MEX_FILE /O2 /Oy- /DNDEBUG /fp:strict /utf-8 /I "." /I "D:\cluster_neuronspikes\run_on_hpc" /I ".\interface" /I "D:\MATLABR2024b\extern\include" /I "." -DMODEL=get_tp_count_given_a_tdelta_hpc_mex   get_tp_count_given_a_tdelta_hpc_initialize.c /Fobuild\win64\get_tp_count_given_a_tdelta_hpc_initialize.obj
FAILED: build/win64/get_tp_count_given_a_tdelta_hpc_initialize.obj 
cl /c /Zc:__cplusplus /Zp8 /GR /W3 /EHs /nologo /MD /D_CRT_SECURE_NO_DEPRECATE /D_SCL_SECURE_NO_DEPRECATE /D_SECURE_SCL=0   /DMATLAB_MEX_FILE  /DMATLAB_MEX_FILE /O2 /Oy- /DNDEBUG /fp:strict /utf-8 /I "." /I "D:\cluster_neuronspikes\run_on_hpc" /I ".\interface" /I "D:\MATLABR2024b\extern\include" /I "." -DMODEL=get_tp_count_given_a_tdelta_hpc_mex   get_tp_count_given_a_tdelta_hpc_initialize.c /Fobuild\win64\get_tp_count_given_a_tdelta_hpc_initialize.obj
get_tp_count_given_a_tdelta_hpc_initialize.c
D:\MATLABR2024b\extern\include\tmwtypes.h(32): fatal error C1083: Cannot open include file: 'limits.h': No such file or directory
[5/12] cl /c /Zc:__cplusplus /Zp8 /GR /W3 /EHs /nologo /MD /D_CRT_SECURE_NO_DEPRECATE /D_SCL_SECURE_NO_DEPRECATE /D_SECURE_SCL=0   /DMATLAB_MEX_FILE  /DMATLAB_MEX_FILE /O2 /Oy- /DNDEBUG /fp:strict /utf-8 /I "." /I "D:\cluster_neuronspikes\run_on_hpc" /I ".\interface" /I "D:\MATLABR2024b\extern\include" /I "." -DMODEL=get_tp_count_given_a_tdelta_hpc_mex   interface\_coder_get_tp_count_given_a_tdelta_hpc_mex.c /Fobuild\win64\_coder_get_tp_count_given_a_tdelta_hpc_mex.obj
FAILED: build/win64/_coder_get_tp_count_given_a_tdelta_hpc_mex.obj 
cl /c /Zc:__cplusplus /Zp8 /GR /W3 /EHs /nologo /MD /D_CRT_SECURE_NO_DEPRECATE /D_SCL_SECURE_NO_DEPRECATE /D_SECURE_SCL=0   /DMATLAB_MEX_FILE  /DMATLAB_MEX_FILE /O2 /Oy- /DNDEBUG /fp:strict /utf-8 /I "." /I "D:\cluster_neuronspikes\run_on_hpc" /I ".\interface" /I "D:\MATLABR2024b\extern\include" /I "." -DMODEL=get_tp_count_given_a_tdelta_hpc_mex   interface\_coder_get_tp_count_given_a_tdelta_hpc_mex.c /Fobuild\win64\_coder_get_tp_count_given_a_tdelta_hpc_mex.obj
_coder_get_tp_count_given_a_tdelta_hpc_mex.c
D:\MATLABR2024b\extern\include\tmwtypes.h(32): fatal error C1083: Cannot open include file: 'limits.h': No such file or directory
[6/12] cl /c /Zc:__cplusplus /Zp8 /GR /W3 /EHs /nologo /MD /D_CRT_SECURE_NO_DEPRECATE /D_SCL_SECURE_NO_DEPRECATE /D_SECURE_SCL=0   /DMATLAB_MEX_FILE  /DMATLAB_MEX_FILE /O2 /Oy- /DNDEBUG /fp:strict /utf-8 /I "." /I "D:\cluster_neuronspikes\run_on_hpc" /I ".\interface" /I "D:\MATLABR2024b\extern\include" /I "." -DMODEL=get_tp_count_given_a_tdelta_hpc_mex   get_tp_count_given_a_tdelta_hpc_data.c /Fobuild\win64\get_tp_count_given_a_tdelta_hpc_data.obj
FAILED: build/win64/get_tp_count_given_a_tdelta_hpc_data.obj 
cl /c /Zc:__cplusplus /Zp8 /GR /W3 /EHs /nologo /MD /D_CRT_SECURE_NO_DEPRECATE /D_SCL_SECURE_NO_DEPRECATE /D_SECURE_SCL=0   /DMATLAB_MEX_FILE  /DMATLAB_MEX_FILE /O2 /Oy- /DNDEBUG /fp:strict /utf-8 /I "." /I "D:\cluster_neuronspikes\run_on_hpc" /I ".\interface" /I "D:\MATLABR2024b\extern\include" /I "." -DMODEL=get_tp_count_given_a_tdelta_hpc_mex   get_tp_count_given_a_tdelta_hpc_data.c /Fobuild\win64\get_tp_count_given_a_tdelta_hpc_data.obj
get_tp_count_given_a_tdelta_hpc_data.c
D:\MATLABR2024b\extern\include\tmwtypes.h(32): fatal error C1083: Cannot open include file: 'limits.h': No such file or directory
[7/12] cl /c /Zc:__cplusplus /Zp8 /GR /W3 /EHs /nologo /MD /D_CRT_SECURE_NO_DEPRECATE /D_SCL_SECURE_NO_DEPRECATE /D_SECURE_SCL=0   /DMATLAB_MEX_FILE  /DMATLAB_MEX_FILE /O2 /Oy- /DNDEBUG /fp:strict /utf-8 /I "." /I "D:\cluster_neuronspikes\run_on_hpc" /I ".\interface" /I "D:\MATLABR2024b\extern\include" /I "." -DMODEL=get_tp_count_given_a_tdelta_hpc_mex   interface\_coder_get_tp_count_given_a_tdelta_hpc_info.c /Fobuild\win64\_coder_get_tp_count_given_a_tdelta_hpc_info.obj
FAILED: build/win64/_coder_get_tp_count_given_a_tdelta_hpc_info.obj 
cl /c /Zc:__cplusplus /Zp8 /GR /W3 /EHs /nologo /MD /D_CRT_SECURE_NO_DEPRECATE /D_SCL_SECURE_NO_DEPRECATE /D_SECURE_SCL=0   /DMATLAB_MEX_FILE  /DMATLAB_MEX_FILE /O2 /Oy- /DNDEBUG /fp:strict /utf-8 /I "." /I "D:\cluster_neuronspikes\run_on_hpc" /I ".\interface" /I "D:\MATLABR2024b\extern\include" /I "." -DMODEL=get_tp_count_given_a_tdelta_hpc_mex   interface\_coder_get_tp_count_given_a_tdelta_hpc_info.c /Fobuild\win64\_coder_get_tp_count_given_a_tdelta_hpc_info.obj
_coder_get_tp_count_given_a_tdelta_hpc_info.c
C:\Program Files (x86)\Windows Kits\10\\include\10.0.22621.0\ucrt\corecrt.h(10): fatal error C1083: Cannot open include file: 'vcruntime.h': No such file or directory
[8/12] cl /c /Zc:__cplusplus /Zp8 /GR /W3 /EHs /nologo /MD /D_CRT_SECURE_NO_DEPRECATE /D_SCL_SECURE_NO_DEPRECATE /D_SECURE_SCL=0   /DMATLAB_MEX_FILE  /DMATLAB_MEX_FILE /O2 /Oy- /DNDEBUG /fp:strict /utf-8 /I "." /I "D:\cluster_neuronspikes\run_on_hpc" /I ".\interface" /I "D:\MATLABR2024b\extern\include" /I "." -DMODEL=get_tp_count_given_a_tdelta_hpc_mex   interface\_coder_get_tp_count_given_a_tdelta_hpc_api.c /Fobuild\win64\_coder_get_tp_count_given_a_tdelta_hpc_api.obj
FAILED: build/win64/_coder_get_tp_count_given_a_tdelta_hpc_api.obj 
cl /c /Zc:__cplusplus /Zp8 /GR /W3 /EHs /nologo /MD /D_CRT_SECURE_NO_DEPRECATE /D_SCL_SECURE_NO_DEPRECATE /D_SECURE_SCL=0   /DMATLAB_MEX_FILE  /DMATLAB_MEX_FILE /O2 /Oy- /DNDEBUG /fp:strict /utf-8 /I "." /I "D:\cluster_neuronspikes\run_on_hpc" /I ".\interface" /I "D:\MATLABR2024b\extern\include" /I "." -DMODEL=get_tp_count_given_a_tdelta_hpc_mex   interface\_coder_get_tp_count_given_a_tdelta_hpc_api.c /Fobuild\win64\_coder_get_tp_count_given_a_tdelta_hpc_api.obj
_coder_get_tp_count_given_a_tdelta_hpc_api.c
D:\MATLABR2024b\extern\include\tmwtypes.h(32): fatal error C1083: Cannot open include file: 'limits.h': No such file or directory
[9/12] cl /c /Zc:__cplusplus /Zp8 /GR /W3 /EHs /nologo /MD /D_CRT_SECURE_NO_DEPRECATE /D_SCL_SECURE_NO_DEPRECATE /D_SECURE_SCL=0   /DMATLAB_MEX_FILE  /DMATLAB_MEX_FILE /O2 /Oy- /DNDEBUG /fp:strict /utf-8 /I "." /I "D:\cluster_neuronspikes\run_on_hpc" /I ".\interface" /I "D:\MATLABR2024b\extern\include" /I "." -DMODEL=get_tp_count_given_a_tdelta_hpc_mex   eml_int_forloop_overflow_check.c /Fobuild\win64\eml_int_forloop_overflow_check.obj
FAILED: build/win64/eml_int_forloop_overflow_check.obj 
cl /c /Zc:__cplusplus /Zp8 /GR /W3 /EHs /nologo /MD /D_CRT_SECURE_NO_DEPRECATE /D_SCL_SECURE_NO_DEPRECATE /D_SECURE_SCL=0   /DMATLAB_MEX_FILE  /DMATLAB_MEX_FILE /O2 /Oy- /DNDEBUG /fp:strict /utf-8 /I "." /I "D:\cluster_neuronspikes\run_on_hpc" /I ".\interface" /I "D:\MATLABR2024b\extern\include" /I "." -DMODEL=get_tp_count_given_a_tdelta_hpc_mex   eml_int_forloop_overflow_check.c /Fobuild\win64\eml_int_forloop_overflow_check.obj
eml_int_forloop_overflow_check.c
D:\MATLABR2024b\extern\include\tmwtypes.h(32): fatal error C1083: Cannot open include file: 'limits.h': No such file or directory
[10/12] cl /c /Zc:__cplusplus /Zp8 /GR /W3 /EHs /nologo /MD /D_CRT_SECURE_NO_DEPRECATE /D_SCL_SECURE_NO_DEPRECATE /D_SECURE_SCL=0   /DMATLAB_MEX_FILE  /DMATLAB_MEX_FILE /O2 /Oy- /DNDEBUG /fp:strict /utf-8 /I "." /I "D:\cluster_neuronspikes\run_on_hpc" /I ".\interface" /I "D:\MATLABR2024b\extern\include" /I "." -DMODEL=get_tp_count_given_a_tdelta_hpc_mex   D:\MATLABR2024b\extern\version\c_mexapi_version.c /Fobuild\win64\c_mexapi_version.obj
FAILED: build/win64/c_mexapi_version.obj 
cl /c /Zc:__cplusplus /Zp8 /GR /W3 /EHs /nologo /MD /D_CRT_SECURE_NO_DEPRECATE /D_SCL_SECURE_NO_DEPRECATE /D_SECURE_SCL=0   /DMATLAB_MEX_FILE  /DMATLAB_MEX_FILE /O2 /Oy- /DNDEBUG /fp:strict /utf-8 /I "." /I "D:\cluster_neuronspikes\run_on_hpc" /I ".\interface" /I "D:\MATLABR2024b\extern\include" /I "." -DMODEL=get_tp_count_given_a_tdelta_hpc_mex   D:\MATLABR2024b\extern\version\c_mexapi_version.c /Fobuild\win64\c_mexapi_version.obj
c_mexapi_version.c
C:\Program Files (x86)\Windows Kits\10\\include\10.0.22621.0\ucrt\corecrt.h(10): fatal error C1083: Cannot open include file: 'vcruntime.h': No such file or directory
ninja: build stopped: subcommand failed.
